<!DOCTYPE html PUBLIC "-//W3C//DTD XHTML 1.1//EN" "http://www.w3.org/TR/xhtml11/DTD/xhtml11.dtd">
<html xmlns="http://www.w3.org/1999/xhtml"><head><title>TestNG Report</title><style type="text/css">table {margin-bottom:10px;border-collapse:collapse;empty-cells:show}th,td {border:1px solid #009;padding:.25em .5em}th {vertical-align:bottom}td {vertical-align:top}table a {font-weight:bold}.stripe td {background-color: #E6EBF9}.num {text-align:right}.passedodd td {background-color: #3F3}.passedeven td {background-color: #0A0}.skippedodd td {background-color: #DDD}.skippedeven td {background-color: #CCC}.failedodd td,.attn {background-color: #F33}.failedeven td,.stripe .attn {background-color: #D00}.stacktrace {white-space:pre;font-family:monospace}.totop {font-size:85%;text-align:center;border-bottom:2px solid #000}</style></head><body><table><tr><th>Test</th><th># Passed</th><th># Skipped</th><th># Failed</th><th>Time (ms)</th><th>Included Groups</th><th>Excluded Groups</th></tr><tr><th colspan="7">Default suite</th></tr><tr><td><a href="#t0">Default test</a></td><td class="num">44</td><td class="num">0</td><td class="num attn">6</td><td class="num">2,399,682</td><td></td><td></td></tr></table><table><thead><tr><th>Class</th><th>Method</th><th>Start</th><th>Time (ms)</th></tr></thead><tbody><tr><th colspan="4">Default suite</th></tr></tbody><tbody id="t0"><tr><th colspan="4">Default test &#8212; failed</th></tr><tr class="failedeven"><td rowspan="6">Illustrator.TestScenarios</td><td><a href="#m0">TS06_IncomeNoNaicLevelAssumed</a></td><td rowspan="1">1594849053778</td><td rowspan="1">64222</td></tr><tr class="failedeven"><td><a href="#m1">TS07_IncomeNoNaicVariableAssumed</a></td><td rowspan="1">1594849118709</td><td rowspan="1">61888</td></tr><tr class="failedeven"><td><a href="#m2">TS18_EDBwBNoNaicLevelAssumed</a></td><td rowspan="1">1594849660480</td><td rowspan="1">64956</td></tr><tr class="failedeven"><td><a href="#m3">TS22_NoneNaicLevelAssumed</a></td><td rowspan="1">1594849859473</td><td rowspan="1">58385</td></tr><tr class="failedeven"><td><a href="#m4">TS26_IncomeNaicLevelAssumed</a></td><td rowspan="1">1594850038797</td><td rowspan="1">64816</td></tr><tr class="failedeven"><td><a href="#m5">TS40_EDBwBNaicLABackcasted</a></td><td rowspan="1">1594850762609</td><td rowspan="1">13400</td></tr><tr><th colspan="4">Default test &#8212; passed</th></tr><tr class="passedeven"><td rowspan="44">Illustrator.TestScenarios</td><td><a href="#m6">TS01_NoneNoNaicStrongest</a></td><td rowspan="1">1594848864189</td><td rowspan="1">28752</td></tr><tr class="passedeven"><td><a href="#m7">TS02_NoneNoNaicLevelAssumed</a></td><td rowspan="1">1594848893633</td><td rowspan="1">39188</td></tr><tr class="passedeven"><td><a href="#m8">TS03_NoneNoNaicVariableAssumed</a></td><td rowspan="1">1594848933415</td><td rowspan="1">39920</td></tr><tr class="passedeven"><td><a href="#m9">TS04_NoneNoNaicLABackcasted</a></td><td rowspan="1">1594848974119</td><td rowspan="1">35901</td></tr><tr class="passedeven"><td><a href="#m10">TS05_IncomeNoNaicStrongest</a></td><td rowspan="1">1594849010598</td><td rowspan="1">42293</td></tr><tr class="passedeven"><td><a href="#m11">TS08_IncomeNoNaicLABackcasted</a></td><td rowspan="1">1594849181657</td><td rowspan="1">43373</td></tr><tr class="passedeven"><td><a href="#m12">TS09_IncomeBonusNoNaicStrongest</a></td><td rowspan="1">1594849225714</td><td rowspan="1">42846</td></tr><tr class="passedeven"><td><a href="#m13">TS10_IncomeBonusNoNaicLevelAssumed</a></td><td rowspan="1">1594849269633</td><td rowspan="1">45889</td></tr><tr class="passedeven"><td><a href="#m14">TS11_IncomeBonusNoNaicVariableAssumed</a></td><td rowspan="1">1594849316328</td><td rowspan="1">46608</td></tr><tr class="passedeven"><td><a href="#m15">TS12_IncomeBonusNoNaicLABackcasted</a></td><td rowspan="1">1594849363565</td><td rowspan="1">46773</td></tr><tr class="passedeven"><td><a href="#m16">TS13_EDBNoNaicStrongest</a></td><td rowspan="1">1594849411101</td><td rowspan="1">46181</td></tr><tr class="passedeven"><td><a href="#m17">TS14_EDBNoNaicLevelAssumed</a></td><td rowspan="1">1594849458421</td><td rowspan="1">48707</td></tr><tr class="passedeven"><td><a href="#m18">TS15_EDBNoNaicVariableAssumed</a></td><td rowspan="1">1594849508040</td><td rowspan="1">48161</td></tr><tr class="passedeven"><td><a href="#m19">TS16_EDBNoNaicLABackcasted</a></td><td rowspan="1">1594849556954</td><td rowspan="1">48585</td></tr><tr class="passedeven"><td><a href="#m20">TS17_EDBwBNoNaicStrongest</a></td><td rowspan="1">1594849606172</td><td rowspan="1">53542</td></tr><tr class="passedeven"><td><a href="#m21">TS19_EDBwBNoNaicVariableAssumed</a></td><td rowspan="1">1594849726573</td><td rowspan="1">44187</td></tr><tr class="passedeven"><td><a href="#m22">TS20_EDBwBNoNaicLABackcasted</a></td><td rowspan="1">1594849771397</td><td rowspan="1">44694</td></tr><tr class="passedeven"><td><a href="#m23">TS21_NoneNaicStrongest</a></td><td rowspan="1">1594849816937</td><td rowspan="1">41685</td></tr><tr class="passedeven"><td><a href="#m24">TS23_NoneNaicVariableAssumed</a></td><td rowspan="1">1594849918972</td><td rowspan="1">38832</td></tr><tr class="passedeven"><td><a href="#m25">TS24_NoneNaicLABackcasted</a></td><td rowspan="1">1594849958592</td><td rowspan="1">37867</td></tr><tr class="passedeven"><td><a href="#m26">TS25_IncomeNaicStrongest</a></td><td rowspan="1">1594849997145</td><td rowspan="1">40882</td></tr><tr class="passedeven"><td><a href="#m27">TS27_IncomeNaicVariableAssumed</a></td><td rowspan="1">1594850104373</td><td rowspan="1">42121</td></tr><tr class="passedeven"><td><a href="#m28">TS28_IncomeNaicLABackcasted</a></td><td rowspan="1">1594850147445</td><td rowspan="1">43507</td></tr><tr class="passedeven"><td><a href="#m29">TS29_IncomeBonusNaicStrongest</a></td><td rowspan="1">1594850192124</td><td rowspan="1">42647</td></tr><tr class="passedeven"><td><a href="#m30">TS30_IncomeBonusNaicLevelAssumed</a></td><td rowspan="1">1594850235423</td><td rowspan="1">47449</td></tr><tr class="passedeven"><td><a href="#m31">TS31_IncomeBonusNaicVariableAssumed</a></td><td rowspan="1">1594850283402</td><td rowspan="1">46960</td></tr><tr class="passedeven"><td><a href="#m32">TS32_IncomeBonusNaicLABackcasted</a></td><td rowspan="1">1594850352350</td><td rowspan="1">48653</td></tr><tr class="passedeven"><td><a href="#m33">TS33_EDBNaicStrongest</a></td><td rowspan="1">1594850404870</td><td rowspan="1">50275</td></tr><tr class="passedeven"><td><a href="#m34">TS34_EDBNaicLevelAssumed</a></td><td rowspan="1">1594850456778</td><td rowspan="1">52046</td></tr><tr class="passedeven"><td><a href="#m35">TS35_EDBNaicVariableAssumed</a></td><td rowspan="1">1594850509610</td><td rowspan="1">52595</td></tr><tr class="passedeven"><td><a href="#m36">TS36_EDBNaicLABackcasted</a></td><td rowspan="1">1594850563525</td><td rowspan="1">52422</td></tr><tr class="passedeven"><td><a href="#m37">TS37_EDBwBNaicStrongest</a></td><td rowspan="1">1594850616675</td><td rowspan="1">50033</td></tr><tr class="passedeven"><td><a href="#m38">TS38_EDBwBNaicLevelAssumed</a></td><td rowspan="1">1594850667600</td><td rowspan="1">46551</td></tr><tr class="passedeven"><td><a href="#m39">TS39_EDBwBNaicVariableAssumed</a></td><td rowspan="1">1594850715095</td><td rowspan="1">46441</td></tr><tr class="passedeven"><td><a href="#m40">TS46_NoneMozaicIILevelAssumed</a></td><td rowspan="1">1594850776767</td><td rowspan="1">43469</td></tr><tr class="passedeven"><td><a href="#m41">TS47_IncomeMozaicIILevelAssumed</a></td><td rowspan="1">1594850820801</td><td rowspan="1">44079</td></tr><tr class="passedeven"><td><a href="#m42">TS48_IncomeBonusMozaicIILevelAssumed</a></td><td rowspan="1">1594850866228</td><td rowspan="1">47013</td></tr><tr class="passedeven"><td><a href="#m43">TS49_EDBMozaicIILevelAssumed</a></td><td rowspan="1">1594850913825</td><td rowspan="1">52972</td></tr><tr class="passedeven"><td><a href="#m44">TS50_EDBwBMozaicIILevelAssumed</a></td><td rowspan="1">1594850967575</td><td rowspan="1">46587</td></tr><tr class="passedeven"><td><a href="#m45">TS51_NoneZebraLevelAssumed</a></td><td rowspan="1">1594851015198</td><td rowspan="1">43358</td></tr><tr class="passedeven"><td><a href="#m46">TS52_IncomeZebraLevelAssumed</a></td><td rowspan="1">1594851059945</td><td rowspan="1">43947</td></tr><tr class="passedeven"><td><a href="#m47">TS53_IncomeBonusZebraLevelAssumed</a></td><td rowspan="1">1594851105007</td><td rowspan="1">48665</td></tr><tr class="passedeven"><td><a href="#m48">TS54_EDBZebraLevelAssumed</a></td><td rowspan="1">1594851154838</td><td rowspan="1">54296</td></tr><tr class="passedeven"><td><a href="#m49">TS55_EDBwBMozaLevelAssumed</a></td><td rowspan="1">1594851210081</td><td rowspan="1">44222</td></tr></tbody></table><h2>Default test</h2><h3 id="m0">Illustrator.TestScenarios#TS06_IncomeNoNaicLevelAssumed</h3><table class="result"><tr><th>Exception</th></tr><tr><td><div class="stacktrace">org.openqa.selenium.NoSuchElementException: Cannot locate element with text: 4.00%
For documentation on this error, please visit: https://www.seleniumhq.org/exceptions/no_such_element.html
Build info: version: &apos;3.141.59&apos;, revision: &apos;e82be7d358&apos;, time: &apos;2018-11-14T08:25:48&apos;
System info: host: &apos;AGLT026&apos;, ip: &apos;192.168.100.2&apos;, os.name: &apos;Windows 10&apos;, os.arch: &apos;amd64&apos;, os.version: &apos;10.0&apos;, java.version: &apos;1.8.0_251&apos;
Driver info: driver.version: unknown
	at org.openqa.selenium.support.ui.Select.selectByVisibleText(Select.java:147)
	at Illustrator.Illustration.setRateIllustration(Illustration.java:767)
	at Illustrator.TestScenarios.TS06_IncomeNoNaicLevelAssumed(TestScenarios.java:444)
	at sun.reflect.NativeMethodAccessorImpl.invoke0(Native Method)
	at sun.reflect.NativeMethodAccessorImpl.invoke(Unknown Source)
	at sun.reflect.DelegatingMethodAccessorImpl.invoke(Unknown Source)
	at java.lang.reflect.Method.invoke(Unknown Source)
	at org.testng.internal.MethodInvocationHelper.invokeMethod(MethodInvocationHelper.java:100)
	at org.testng.internal.Invoker.invokeMethod(Invoker.java:646)
	at org.testng.internal.Invoker.invokeTestMethod(Invoker.java:811)
	at org.testng.internal.Invoker.invokeTestMethods(Invoker.java:1137)
	at org.testng.internal.TestMethodWorker.invokeTestMethods(TestMethodWorker.java:129)
	at org.testng.internal.TestMethodWorker.run(TestMethodWorker.java:112)
	at org.testng.TestRunner.privateRun(TestRunner.java:753)
	at org.testng.TestRunner.run(TestRunner.java:607)
	at org.testng.SuiteRunner.runTest(SuiteRunner.java:368)
	at org.testng.SuiteRunner.runSequentially(SuiteRunner.java:363)
	at org.testng.SuiteRunner.privateRun(SuiteRunner.java:321)
	at org.testng.SuiteRunner.run(SuiteRunner.java:270)
	at org.testng.SuiteRunnerWorker.runSuite(SuiteRunnerWorker.java:52)
	at org.testng.SuiteRunnerWorker.run(SuiteRunnerWorker.java:86)
	at org.testng.TestNG.runSuitesSequentially(TestNG.java:1284)
	at org.testng.TestNG.runSuitesLocally(TestNG.java:1209)
	at org.testng.TestNG.runSuites(TestNG.java:1124)
	at org.testng.TestNG.run(TestNG.java:1096)
	at org.testng.remote.AbstractRemoteTestNG.run(AbstractRemoteTestNG.java:132)
	at org.testng.remote.RemoteTestNG.initAndRun(RemoteTestNG.java:236)
	at org.testng.remote.RemoteTestNG.main(RemoteTestNG.java:81)
</div></td></tr></table><p class="totop"><a href="#summary">back to summary</a></p><h3 id="m1">Illustrator.TestScenarios#TS07_IncomeNoNaicVariableAssumed</h3><table class="result"><tr><th>Exception</th></tr><tr><td><div class="stacktrace">org.openqa.selenium.NoSuchElementException: no such element: Unable to locate element: {&quot;method&quot;:&quot;css selector&quot;,&quot;selector&quot;:&quot;label[for=&apos;PreferredCreditingMethod-4&apos;]&quot;}
  (Session info: chrome=83.0.4103.116)
  (Driver info: chromedriver=2.40.565498 (ea082db3280dd6843ebfb08a625e3eb905c4f5ab),platform=Windows NT 10.0.18363 x86_64) (WARNING: The server did not provide any stacktrace information)
Command duration or timeout: 0 milliseconds
For documentation on this error, please visit: https://www.seleniumhq.org/exceptions/no_such_element.html
Build info: version: &apos;3.141.59&apos;, revision: &apos;e82be7d358&apos;, time: &apos;2018-11-14T08:25:48&apos;
System info: host: &apos;AGLT026&apos;, ip: &apos;192.168.100.2&apos;, os.name: &apos;Windows 10&apos;, os.arch: &apos;amd64&apos;, os.version: &apos;10.0&apos;, java.version: &apos;1.8.0_251&apos;
Driver info: org.openqa.selenium.chrome.ChromeDriver
Capabilities {acceptInsecureCerts: false, acceptSslCerts: false, applicationCacheEnabled: false, browserConnectionEnabled: false, browserName: chrome, chrome: {chromedriverVersion: 2.40.565498 (ea082db3280dd6..., userDataDir: C:\Users\vlopez\AppData\Loc...}, cssSelectorsEnabled: true, databaseEnabled: false, handlesAlerts: true, hasTouchScreen: false, javascriptEnabled: true, locationContextEnabled: true, mobileEmulationEnabled: false, nativeEvents: true, networkConnectionEnabled: false, pageLoadStrategy: normal, platform: XP, platformName: XP, rotatable: false, setWindowRect: true, takesHeapSnapshot: true, takesScreenshot: true, unexpectedAlertBehaviour: , unhandledPromptBehavior: , version: 83.0.4103.116, webStorageEnabled: true}
Session ID: fcdb7bfd33e6a266d2bd36d48c6fb426
*** Element info: {Using=css selector, value=label[for=&apos;PreferredCreditingMethod-4&apos;]}
	at sun.reflect.NativeConstructorAccessorImpl.newInstance0(Native Method)
	at sun.reflect.NativeConstructorAccessorImpl.newInstance(Unknown Source)
	at sun.reflect.DelegatingConstructorAccessorImpl.newInstance(Unknown Source)
	at java.lang.reflect.Constructor.newInstance(Unknown Source)
	at org.openqa.selenium.remote.ErrorHandler.createThrowable(ErrorHandler.java:214)
	at org.openqa.selenium.remote.ErrorHandler.throwIfResponseFailed(ErrorHandler.java:166)
	at org.openqa.selenium.remote.http.JsonHttpResponseCodec.reconstructValue(JsonHttpResponseCodec.java:40)
	at org.openqa.selenium.remote.http.AbstractHttpResponseCodec.decode(AbstractHttpResponseCodec.java:80)
	at org.openqa.selenium.remote.http.AbstractHttpResponseCodec.decode(AbstractHttpResponseCodec.java:44)
	at org.openqa.selenium.remote.HttpCommandExecutor.execute(HttpCommandExecutor.java:158)
	at org.openqa.selenium.remote.service.DriverCommandExecutor.execute(DriverCommandExecutor.java:83)
	at org.openqa.selenium.remote.RemoteWebDriver.execute(RemoteWebDriver.java:552)
	at org.openqa.selenium.remote.RemoteWebDriver.findElement(RemoteWebDriver.java:323)
	at org.openqa.selenium.remote.RemoteWebDriver.findElementByCssSelector(RemoteWebDriver.java:420)
	at org.openqa.selenium.By$ByCssSelector.findElement(By.java:431)
	at org.openqa.selenium.remote.RemoteWebDriver.findElement(RemoteWebDriver.java:315)
	at org.openqa.selenium.support.pagefactory.DefaultElementLocator.findElement(DefaultElementLocator.java:69)
	at org.openqa.selenium.support.pagefactory.internal.LocatingElementHandler.invoke(LocatingElementHandler.java:38)
	at com.sun.proxy.$Proxy11.click(Unknown Source)
	at Illustrator.Illustration.clickVariableAssumed(Illustration.java:771)
	at Illustrator.TestScenarios.TS07_IncomeNoNaicVariableAssumed(TestScenarios.java:507)
	at sun.reflect.NativeMethodAccessorImpl.invoke0(Native Method)
	at sun.reflect.NativeMethodAccessorImpl.invoke(Unknown Source)
	at sun.reflect.DelegatingMethodAccessorImpl.invoke(Unknown Source)
	at java.lang.reflect.Method.invoke(Unknown Source)
	at org.testng.internal.MethodInvocationHelper.invokeMethod(MethodInvocationHelper.java:100)
	at org.testng.internal.Invoker.invokeMethod(Invoker.java:646)
	at org.testng.internal.Invoker.invokeTestMethod(Invoker.java:811)
	at org.testng.internal.Invoker.invokeTestMethods(Invoker.java:1137)
	at org.testng.internal.TestMethodWorker.invokeTestMethods(TestMethodWorker.java:129)
	at org.testng.internal.TestMethodWorker.run(TestMethodWorker.java:112)
	at org.testng.TestRunner.privateRun(TestRunner.java:753)
	at org.testng.TestRunner.run(TestRunner.java:607)
	at org.testng.SuiteRunner.runTest(SuiteRunner.java:368)
	at org.testng.SuiteRunner.runSequentially(SuiteRunner.java:363)
	at org.testng.SuiteRunner.privateRun(SuiteRunner.java:321)
	at org.testng.SuiteRunner.run(SuiteRunner.java:270)
	at org.testng.SuiteRunnerWorker.runSuite(SuiteRunnerWorker.java:52)
	at org.testng.SuiteRunnerWorker.run(SuiteRunnerWorker.java:86)
	at org.testng.TestNG.runSuitesSequentially(TestNG.java:1284)
	at org.testng.TestNG.runSuitesLocally(TestNG.java:1209)
	at org.testng.TestNG.runSuites(TestNG.java:1124)
	at org.testng.TestNG.run(TestNG.java:1096)
	at org.testng.remote.AbstractRemoteTestNG.run(AbstractRemoteTestNG.java:132)
	at org.testng.remote.RemoteTestNG.initAndRun(RemoteTestNG.java:236)
	at org.testng.remote.RemoteTestNG.main(RemoteTestNG.java:81)
</div></td></tr></table><p class="totop"><a href="#summary">back to summary</a></p><h3 id="m2">Illustrator.TestScenarios#TS18_EDBwBNoNaicLevelAssumed</h3><table class="result"><tr><th>Exception</th></tr><tr><td><div class="stacktrace">org.openqa.selenium.NoSuchElementException: Cannot locate element with text: 3.50%
For documentation on this error, please visit: https://www.seleniumhq.org/exceptions/no_such_element.html
Build info: version: &apos;3.141.59&apos;, revision: &apos;e82be7d358&apos;, time: &apos;2018-11-14T08:25:48&apos;
System info: host: &apos;AGLT026&apos;, ip: &apos;192.168.100.2&apos;, os.name: &apos;Windows 10&apos;, os.arch: &apos;amd64&apos;, os.version: &apos;10.0&apos;, java.version: &apos;1.8.0_251&apos;
Driver info: driver.version: unknown
	at org.openqa.selenium.support.ui.Select.selectByVisibleText(Select.java:147)
	at Illustrator.Illustration.setRateIllustration(Illustration.java:767)
	at Illustrator.TestScenarios.TS18_EDBwBNoNaicLevelAssumed(TestScenarios.java:1308)
	at sun.reflect.NativeMethodAccessorImpl.invoke0(Native Method)
	at sun.reflect.NativeMethodAccessorImpl.invoke(Unknown Source)
	at sun.reflect.DelegatingMethodAccessorImpl.invoke(Unknown Source)
	at java.lang.reflect.Method.invoke(Unknown Source)
	at org.testng.internal.MethodInvocationHelper.invokeMethod(MethodInvocationHelper.java:100)
	at org.testng.internal.Invoker.invokeMethod(Invoker.java:646)
	at org.testng.internal.Invoker.invokeTestMethod(Invoker.java:811)
	at org.testng.internal.Invoker.invokeTestMethods(Invoker.java:1137)
	at org.testng.internal.TestMethodWorker.invokeTestMethods(TestMethodWorker.java:129)
	at org.testng.internal.TestMethodWorker.run(TestMethodWorker.java:112)
	at org.testng.TestRunner.privateRun(TestRunner.java:753)
	at org.testng.TestRunner.run(TestRunner.java:607)
	at org.testng.SuiteRunner.runTest(SuiteRunner.java:368)
	at org.testng.SuiteRunner.runSequentially(SuiteRunner.java:363)
	at org.testng.SuiteRunner.privateRun(SuiteRunner.java:321)
	at org.testng.SuiteRunner.run(SuiteRunner.java:270)
	at org.testng.SuiteRunnerWorker.runSuite(SuiteRunnerWorker.java:52)
	at org.testng.SuiteRunnerWorker.run(SuiteRunnerWorker.java:86)
	at org.testng.TestNG.runSuitesSequentially(TestNG.java:1284)
	at org.testng.TestNG.runSuitesLocally(TestNG.java:1209)
	at org.testng.TestNG.runSuites(TestNG.java:1124)
	at org.testng.TestNG.run(TestNG.java:1096)
	at org.testng.remote.AbstractRemoteTestNG.run(AbstractRemoteTestNG.java:132)
	at org.testng.remote.RemoteTestNG.initAndRun(RemoteTestNG.java:236)
	at org.testng.remote.RemoteTestNG.main(RemoteTestNG.java:81)
</div></td></tr></table><p class="totop"><a href="#summary">back to summary</a></p><h3 id="m3">Illustrator.TestScenarios#TS22_NoneNaicLevelAssumed</h3><table class="result"><tr><th>Exception</th></tr><tr><td><div class="stacktrace">org.openqa.selenium.NoSuchElementException: Cannot locate element with text: 4.00%
For documentation on this error, please visit: https://www.seleniumhq.org/exceptions/no_such_element.html
Build info: version: &apos;3.141.59&apos;, revision: &apos;e82be7d358&apos;, time: &apos;2018-11-14T08:25:48&apos;
System info: host: &apos;AGLT026&apos;, ip: &apos;192.168.100.2&apos;, os.name: &apos;Windows 10&apos;, os.arch: &apos;amd64&apos;, os.version: &apos;10.0&apos;, java.version: &apos;1.8.0_251&apos;
Driver info: driver.version: unknown
	at org.openqa.selenium.support.ui.Select.selectByVisibleText(Select.java:147)
	at Illustrator.Illustration.setRateIllustration(Illustration.java:767)
	at Illustrator.TestScenarios.TS22_NoneNaicLevelAssumed(TestScenarios.java:1510)
	at sun.reflect.NativeMethodAccessorImpl.invoke0(Native Method)
	at sun.reflect.NativeMethodAccessorImpl.invoke(Unknown Source)
	at sun.reflect.DelegatingMethodAccessorImpl.invoke(Unknown Source)
	at java.lang.reflect.Method.invoke(Unknown Source)
	at org.testng.internal.MethodInvocationHelper.invokeMethod(MethodInvocationHelper.java:100)
	at org.testng.internal.Invoker.invokeMethod(Invoker.java:646)
	at org.testng.internal.Invoker.invokeTestMethod(Invoker.java:811)
	at org.testng.internal.Invoker.invokeTestMethods(Invoker.java:1137)
	at org.testng.internal.TestMethodWorker.invokeTestMethods(TestMethodWorker.java:129)
	at org.testng.internal.TestMethodWorker.run(TestMethodWorker.java:112)
	at org.testng.TestRunner.privateRun(TestRunner.java:753)
	at org.testng.TestRunner.run(TestRunner.java:607)
	at org.testng.SuiteRunner.runTest(SuiteRunner.java:368)
	at org.testng.SuiteRunner.runSequentially(SuiteRunner.java:363)
	at org.testng.SuiteRunner.privateRun(SuiteRunner.java:321)
	at org.testng.SuiteRunner.run(SuiteRunner.java:270)
	at org.testng.SuiteRunnerWorker.runSuite(SuiteRunnerWorker.java:52)
	at org.testng.SuiteRunnerWorker.run(SuiteRunnerWorker.java:86)
	at org.testng.TestNG.runSuitesSequentially(TestNG.java:1284)
	at org.testng.TestNG.runSuitesLocally(TestNG.java:1209)
	at org.testng.TestNG.runSuites(TestNG.java:1124)
	at org.testng.TestNG.run(TestNG.java:1096)
	at org.testng.remote.AbstractRemoteTestNG.run(AbstractRemoteTestNG.java:132)
	at org.testng.remote.RemoteTestNG.initAndRun(RemoteTestNG.java:236)
	at org.testng.remote.RemoteTestNG.main(RemoteTestNG.java:81)
</div></td></tr></table><p class="totop"><a href="#summary">back to summary</a></p><h3 id="m4">Illustrator.TestScenarios#TS26_IncomeNaicLevelAssumed</h3><table class="result"><tr><th>Exception</th></tr><tr><td><div class="stacktrace">org.openqa.selenium.NoSuchElementException: Cannot locate element with text: 4.00%
For documentation on this error, please visit: https://www.seleniumhq.org/exceptions/no_such_element.html
Build info: version: &apos;3.141.59&apos;, revision: &apos;e82be7d358&apos;, time: &apos;2018-11-14T08:25:48&apos;
System info: host: &apos;AGLT026&apos;, ip: &apos;192.168.100.2&apos;, os.name: &apos;Windows 10&apos;, os.arch: &apos;amd64&apos;, os.version: &apos;10.0&apos;, java.version: &apos;1.8.0_251&apos;
Driver info: driver.version: unknown
	at org.openqa.selenium.support.ui.Select.selectByVisibleText(Select.java:147)
	at Illustrator.Illustration.setRateIllustration(Illustration.java:767)
	at Illustrator.TestScenarios.TS26_IncomeNaicLevelAssumed(TestScenarios.java:1710)
	at sun.reflect.NativeMethodAccessorImpl.invoke0(Native Method)
	at sun.reflect.NativeMethodAccessorImpl.invoke(Unknown Source)
	at sun.reflect.DelegatingMethodAccessorImpl.invoke(Unknown Source)
	at java.lang.reflect.Method.invoke(Unknown Source)
	at org.testng.internal.MethodInvocationHelper.invokeMethod(MethodInvocationHelper.java:100)
	at org.testng.internal.Invoker.invokeMethod(Invoker.java:646)
	at org.testng.internal.Invoker.invokeTestMethod(Invoker.java:811)
	at org.testng.internal.Invoker.invokeTestMethods(Invoker.java:1137)
	at org.testng.internal.TestMethodWorker.invokeTestMethods(TestMethodWorker.java:129)
	at org.testng.internal.TestMethodWorker.run(TestMethodWorker.java:112)
	at org.testng.TestRunner.privateRun(TestRunner.java:753)
	at org.testng.TestRunner.run(TestRunner.java:607)
	at org.testng.SuiteRunner.runTest(SuiteRunner.java:368)
	at org.testng.SuiteRunner.runSequentially(SuiteRunner.java:363)
	at org.testng.SuiteRunner.privateRun(SuiteRunner.java:321)
	at org.testng.SuiteRunner.run(SuiteRunner.java:270)
	at org.testng.SuiteRunnerWorker.runSuite(SuiteRunnerWorker.java:52)
	at org.testng.SuiteRunnerWorker.run(SuiteRunnerWorker.java:86)
	at org.testng.TestNG.runSuitesSequentially(TestNG.java:1284)
	at org.testng.TestNG.runSuitesLocally(TestNG.java:1209)
	at org.testng.TestNG.runSuites(TestNG.java:1124)
	at org.testng.TestNG.run(TestNG.java:1096)
	at org.testng.remote.AbstractRemoteTestNG.run(AbstractRemoteTestNG.java:132)
	at org.testng.remote.RemoteTestNG.initAndRun(RemoteTestNG.java:236)
	at org.testng.remote.RemoteTestNG.main(RemoteTestNG.java:81)
</div></td></tr></table><p class="totop"><a href="#summary">back to summary</a></p><h3 id="m5">Illustrator.TestScenarios#TS40_EDBwBNaicLABackcasted</h3><table class="result"><tr><th>Exception</th></tr><tr><td><div class="stacktrace">org.openqa.selenium.ElementNotVisibleException: element not visible
  (Session info: chrome=83.0.4103.116)
  (Driver info: chromedriver=2.40.565498 (ea082db3280dd6843ebfb08a625e3eb905c4f5ab),platform=Windows NT 10.0.18363 x86_64) (WARNING: The server did not provide any stacktrace information)
Command duration or timeout: 0 milliseconds
Build info: version: &apos;3.141.59&apos;, revision: &apos;e82be7d358&apos;, time: &apos;2018-11-14T08:25:48&apos;
System info: host: &apos;AGLT026&apos;, ip: &apos;192.168.100.2&apos;, os.name: &apos;Windows 10&apos;, os.arch: &apos;amd64&apos;, os.version: &apos;10.0&apos;, java.version: &apos;1.8.0_251&apos;
Driver info: org.openqa.selenium.chrome.ChromeDriver
Capabilities {acceptInsecureCerts: false, acceptSslCerts: false, applicationCacheEnabled: false, browserConnectionEnabled: false, browserName: chrome, chrome: {chromedriverVersion: 2.40.565498 (ea082db3280dd6..., userDataDir: C:\Users\vlopez\AppData\Loc...}, cssSelectorsEnabled: true, databaseEnabled: false, handlesAlerts: true, hasTouchScreen: false, javascriptEnabled: true, locationContextEnabled: true, mobileEmulationEnabled: false, nativeEvents: true, networkConnectionEnabled: false, pageLoadStrategy: normal, platform: XP, platformName: XP, rotatable: false, setWindowRect: true, takesHeapSnapshot: true, takesScreenshot: true, unexpectedAlertBehaviour: , unhandledPromptBehavior: , version: 83.0.4103.116, webStorageEnabled: true}
Session ID: fcdb7bfd33e6a266d2bd36d48c6fb426
	at sun.reflect.NativeConstructorAccessorImpl.newInstance0(Native Method)
	at sun.reflect.NativeConstructorAccessorImpl.newInstance(Unknown Source)
	at sun.reflect.DelegatingConstructorAccessorImpl.newInstance(Unknown Source)
	at java.lang.reflect.Constructor.newInstance(Unknown Source)
	at org.openqa.selenium.remote.ErrorHandler.createThrowable(ErrorHandler.java:214)
	at org.openqa.selenium.remote.ErrorHandler.throwIfResponseFailed(ErrorHandler.java:166)
	at org.openqa.selenium.remote.http.JsonHttpResponseCodec.reconstructValue(JsonHttpResponseCodec.java:40)
	at org.openqa.selenium.remote.http.AbstractHttpResponseCodec.decode(AbstractHttpResponseCodec.java:80)
	at org.openqa.selenium.remote.http.AbstractHttpResponseCodec.decode(AbstractHttpResponseCodec.java:44)
	at org.openqa.selenium.remote.HttpCommandExecutor.execute(HttpCommandExecutor.java:158)
	at org.openqa.selenium.remote.service.DriverCommandExecutor.execute(DriverCommandExecutor.java:83)
	at org.openqa.selenium.remote.RemoteWebDriver.execute(RemoteWebDriver.java:552)
	at org.openqa.selenium.remote.RemoteWebElement.execute(RemoteWebElement.java:285)
	at org.openqa.selenium.remote.RemoteWebElement.click(RemoteWebElement.java:84)
	at sun.reflect.GeneratedMethodAccessor2.invoke(Unknown Source)
	at sun.reflect.DelegatingMethodAccessorImpl.invoke(Unknown Source)
	at java.lang.reflect.Method.invoke(Unknown Source)
	at org.openqa.selenium.support.pagefactory.internal.LocatingElementHandler.invoke(LocatingElementHandler.java:51)
	at com.sun.proxy.$Proxy11.click(Unknown Source)
	at Illustrator.Illustration.clickLABackcasted(Illustration.java:787)
	at Illustrator.TestScenarios.TS40_EDBwBNaicLABackcasted(TestScenarios.java:2682)
	at sun.reflect.NativeMethodAccessorImpl.invoke0(Native Method)
	at sun.reflect.NativeMethodAccessorImpl.invoke(Unknown Source)
	at sun.reflect.DelegatingMethodAccessorImpl.invoke(Unknown Source)
	at java.lang.reflect.Method.invoke(Unknown Source)
	at org.testng.internal.MethodInvocationHelper.invokeMethod(MethodInvocationHelper.java:100)
	at org.testng.internal.Invoker.invokeMethod(Invoker.java:646)
	at org.testng.internal.Invoker.invokeTestMethod(Invoker.java:811)
	at org.testng.internal.Invoker.invokeTestMethods(Invoker.java:1137)
	at org.testng.internal.TestMethodWorker.invokeTestMethods(TestMethodWorker.java:129)
	at org.testng.internal.TestMethodWorker.run(TestMethodWorker.java:112)
	at org.testng.TestRunner.privateRun(TestRunner.java:753)
	at org.testng.TestRunner.run(TestRunner.java:607)
	at org.testng.SuiteRunner.runTest(SuiteRunner.java:368)
	at org.testng.SuiteRunner.runSequentially(SuiteRunner.java:363)
	at org.testng.SuiteRunner.privateRun(SuiteRunner.java:321)
	at org.testng.SuiteRunner.run(SuiteRunner.java:270)
	at org.testng.SuiteRunnerWorker.runSuite(SuiteRunnerWorker.java:52)
	at org.testng.SuiteRunnerWorker.run(SuiteRunnerWorker.java:86)
	at org.testng.TestNG.runSuitesSequentially(TestNG.java:1284)
	at org.testng.TestNG.runSuitesLocally(TestNG.java:1209)
	at org.testng.TestNG.runSuites(TestNG.java:1124)
	at org.testng.TestNG.run(TestNG.java:1096)
	at org.testng.remote.AbstractRemoteTestNG.run(AbstractRemoteTestNG.java:132)
	at org.testng.remote.RemoteTestNG.initAndRun(RemoteTestNG.java:236)
	at org.testng.remote.RemoteTestNG.main(RemoteTestNG.java:81)
</div></td></tr></table><p class="totop"><a href="#summary">back to summary</a></p><h3 id="m6">Illustrator.TestScenarios#TS01_NoneNoNaicStrongest</h3><table class="result"></table><p class="totop"><a href="#summary">back to summary</a></p><h3 id="m7">Illustrator.TestScenarios#TS02_NoneNoNaicLevelAssumed</h3><table class="result"></table><p class="totop"><a href="#summary">back to summary</a></p><h3 id="m8">Illustrator.TestScenarios#TS03_NoneNoNaicVariableAssumed</h3><table class="result"></table><p class="totop"><a href="#summary">back to summary</a></p><h3 id="m9">Illustrator.TestScenarios#TS04_NoneNoNaicLABackcasted</h3><table class="result"></table><p class="totop"><a href="#summary">back to summary</a></p><h3 id="m10">Illustrator.TestScenarios#TS05_IncomeNoNaicStrongest</h3><table class="result"></table><p class="totop"><a href="#summary">back to summary</a></p><h3 id="m11">Illustrator.TestScenarios#TS08_IncomeNoNaicLABackcasted</h3><table class="result"></table><p class="totop"><a href="#summary">back to summary</a></p><h3 id="m12">Illustrator.TestScenarios#TS09_IncomeBonusNoNaicStrongest</h3><table class="result"></table><p class="totop"><a href="#summary">back to summary</a></p><h3 id="m13">Illustrator.TestScenarios#TS10_IncomeBonusNoNaicLevelAssumed</h3><table class="result"></table><p class="totop"><a href="#summary">back to summary</a></p><h3 id="m14">Illustrator.TestScenarios#TS11_IncomeBonusNoNaicVariableAssumed</h3><table class="result"></table><p class="totop"><a href="#summary">back to summary</a></p><h3 id="m15">Illustrator.TestScenarios#TS12_IncomeBonusNoNaicLABackcasted</h3><table class="result"></table><p class="totop"><a href="#summary">back to summary</a></p><h3 id="m16">Illustrator.TestScenarios#TS13_EDBNoNaicStrongest</h3><table class="result"></table><p class="totop"><a href="#summary">back to summary</a></p><h3 id="m17">Illustrator.TestScenarios#TS14_EDBNoNaicLevelAssumed</h3><table class="result"></table><p class="totop"><a href="#summary">back to summary</a></p><h3 id="m18">Illustrator.TestScenarios#TS15_EDBNoNaicVariableAssumed</h3><table class="result"></table><p class="totop"><a href="#summary">back to summary</a></p><h3 id="m19">Illustrator.TestScenarios#TS16_EDBNoNaicLABackcasted</h3><table class="result"></table><p class="totop"><a href="#summary">back to summary</a></p><h3 id="m20">Illustrator.TestScenarios#TS17_EDBwBNoNaicStrongest</h3><table class="result"></table><p class="totop"><a href="#summary">back to summary</a></p><h3 id="m21">Illustrator.TestScenarios#TS19_EDBwBNoNaicVariableAssumed</h3><table class="result"></table><p class="totop"><a href="#summary">back to summary</a></p><h3 id="m22">Illustrator.TestScenarios#TS20_EDBwBNoNaicLABackcasted</h3><table class="result"></table><p class="totop"><a href="#summary">back to summary</a></p><h3 id="m23">Illustrator.TestScenarios#TS21_NoneNaicStrongest</h3><table class="result"></table><p class="totop"><a href="#summary">back to summary</a></p><h3 id="m24">Illustrator.TestScenarios#TS23_NoneNaicVariableAssumed</h3><table class="result"></table><p class="totop"><a href="#summary">back to summary</a></p><h3 id="m25">Illustrator.TestScenarios#TS24_NoneNaicLABackcasted</h3><table class="result"></table><p class="totop"><a href="#summary">back to summary</a></p><h3 id="m26">Illustrator.TestScenarios#TS25_IncomeNaicStrongest</h3><table class="result"></table><p class="totop"><a href="#summary">back to summary</a></p><h3 id="m27">Illustrator.TestScenarios#TS27_IncomeNaicVariableAssumed</h3><table class="result"></table><p class="totop"><a href="#summary">back to summary</a></p><h3 id="m28">Illustrator.TestScenarios#TS28_IncomeNaicLABackcasted</h3><table class="result"></table><p class="totop"><a href="#summary">back to summary</a></p><h3 id="m29">Illustrator.TestScenarios#TS29_IncomeBonusNaicStrongest</h3><table class="result"></table><p class="totop"><a href="#summary">back to summary</a></p><h3 id="m30">Illustrator.TestScenarios#TS30_IncomeBonusNaicLevelAssumed</h3><table class="result"></table><p class="totop"><a href="#summary">back to summary</a></p><h3 id="m31">Illustrator.TestScenarios#TS31_IncomeBonusNaicVariableAssumed</h3><table class="result"></table><p class="totop"><a href="#summary">back to summary</a></p><h3 id="m32">Illustrator.TestScenarios#TS32_IncomeBonusNaicLABackcasted</h3><table class="result"></table><p class="totop"><a href="#summary">back to summary</a></p><h3 id="m33">Illustrator.TestScenarios#TS33_EDBNaicStrongest</h3><table class="result"></table><p class="totop"><a href="#summary">back to summary</a></p><h3 id="m34">Illustrator.TestScenarios#TS34_EDBNaicLevelAssumed</h3><table class="result"></table><p class="totop"><a href="#summary">back to summary</a></p><h3 id="m35">Illustrator.TestScenarios#TS35_EDBNaicVariableAssumed</h3><table class="result"></table><p class="totop"><a href="#summary">back to summary</a></p><h3 id="m36">Illustrator.TestScenarios#TS36_EDBNaicLABackcasted</h3><table class="result"></table><p class="totop"><a href="#summary">back to summary</a></p><h3 id="m37">Illustrator.TestScenarios#TS37_EDBwBNaicStrongest</h3><table class="result"></table><p class="totop"><a href="#summary">back to summary</a></p><h3 id="m38">Illustrator.TestScenarios#TS38_EDBwBNaicLevelAssumed</h3><table class="result"></table><p class="totop"><a href="#summary">back to summary</a></p><h3 id="m39">Illustrator.TestScenarios#TS39_EDBwBNaicVariableAssumed</h3><table class="result"></table><p class="totop"><a href="#summary">back to summary</a></p><h3 id="m40">Illustrator.TestScenarios#TS46_NoneMozaicIILevelAssumed</h3><table class="result"></table><p class="totop"><a href="#summary">back to summary</a></p><h3 id="m41">Illustrator.TestScenarios#TS47_IncomeMozaicIILevelAssumed</h3><table class="result"></table><p class="totop"><a href="#summary">back to summary</a></p><h3 id="m42">Illustrator.TestScenarios#TS48_IncomeBonusMozaicIILevelAssumed</h3><table class="result"></table><p class="totop"><a href="#summary">back to summary</a></p><h3 id="m43">Illustrator.TestScenarios#TS49_EDBMozaicIILevelAssumed</h3><table class="result"></table><p class="totop"><a href="#summary">back to summary</a></p><h3 id="m44">Illustrator.TestScenarios#TS50_EDBwBMozaicIILevelAssumed</h3><table class="result"></table><p class="totop"><a href="#summary">back to summary</a></p><h3 id="m45">Illustrator.TestScenarios#TS51_NoneZebraLevelAssumed</h3><table class="result"></table><p class="totop"><a href="#summary">back to summary</a></p><h3 id="m46">Illustrator.TestScenarios#TS52_IncomeZebraLevelAssumed</h3><table class="result"></table><p class="totop"><a href="#summary">back to summary</a></p><h3 id="m47">Illustrator.TestScenarios#TS53_IncomeBonusZebraLevelAssumed</h3><table class="result"></table><p class="totop"><a href="#summary">back to summary</a></p><h3 id="m48">Illustrator.TestScenarios#TS54_EDBZebraLevelAssumed</h3><table class="result"></table><p class="totop"><a href="#summary">back to summary</a></p><h3 id="m49">Illustrator.TestScenarios#TS55_EDBwBMozaLevelAssumed</h3><table class="result"></table><p class="totop"><a href="#summary">back to summary</a></p></body></html>