<?xml version="1.0" encoding="UTF-8"?>
<!-- Generated by org.testng.reporters.JUnitReportReporter -->
<testsuite skipped="0" hostname="LopezVMobile" name="Illustrator.TestScenarios" tests="50" failures="0" timestamp="27 Jun 2019 20:02:22 GMT" time="2062.652" errors="3">
  <testcase name="TS54_EDBZebraLevelAssumed" time="50.937" classname="Illustrator.TestScenarios"/>
  <testcase name="TS36_EDBNaicLABackcasted" time="50.923" classname="Illustrator.TestScenarios"/>
  <testcase name="TS52_IncomeZebraLevelAssumed" time="41.056" classname="Illustrator.TestScenarios"/>
  <testcase name="TS06_IncomeNoNaicLevelAssumed" time="43.390" classname="Illustrator.TestScenarios"/>
  <testcase name="TS39_EDBwBNaicVariableAssumed" time="41.958" classname="Illustrator.TestScenarios"/>
  <testcase name="TS34_EDBNaicLevelAssumed" time="49.830" classname="Illustrator.TestScenarios"/>
  <testcase name="TS15_EDBNoNaicVariableAssumed" time="48.335" classname="Illustrator.TestScenarios"/>
  <testcase name="TS51_NoneZebraLevelAssumed" time="40.078" classname="Illustrator.TestScenarios"/>
  <testcase name="TS30_IncomeBonusNaicLevelAssumed" time="45.890" classname="Illustrator.TestScenarios"/>
  <testcase name="TS35_EDBNaicVariableAssumed" time="53.401" classname="Illustrator.TestScenarios"/>
  <testcase name="TS13_EDBNoNaicStrongest" time="44.764" classname="Illustrator.TestScenarios"/>
  <testcase name="TS33_EDBNaicStrongest" time="46.764" classname="Illustrator.TestScenarios"/>
  <testcase name="TS16_EDBNoNaicLABackcasted" time="48.384" classname="Illustrator.TestScenarios"/>
  <testcase name="TS53_IncomeBonusZebraLevelAssumed" time="49.518" classname="Illustrator.TestScenarios"/>
  <testcase name="TS55_EDBwBMozaLevelAssumed" time="43.138" classname="Illustrator.TestScenarios"/>
  <testcase name="TS11_IncomeBonusNoNaicVariableAssumed" time="44.931" classname="Illustrator.TestScenarios"/>
  <testcase name="TS47_IncomeMozaicIILevelAssumed" time="6.578" classname="Illustrator.TestScenarios">
    <error type="org.openqa.selenium.WebDriverException" message="unknown error: Element &lt;input type=&quot;button&quot; value=&quot;Next&quot; ng-disabled=&quot;!purchaseOver1M&quot; ng-class=&quot;{disabled : !purchaseOver1M}&quot; ng-click=&quot;ok(purchaseOver1M)&quot; class=&quot;btn btn-primary disabled&quot; disabled=&quot;disabled&quot;&gt; is not clickable at point (1024, 220). Other element would receive the click: &lt;div class=&quot;modal-footer ng-scope&quot;&gt;...&lt;/div&gt;
  (Session info: chrome=75.0.3770.100)
  (Driver info: chromedriver=2.40.565498 (ea082db3280dd6843ebfb08a625e3eb905c4f5ab),platform=Windows NT 10.0.17134 x86_64) (WARNING: The server did not provide any stacktrace information)
Command duration or timeout: 0 milliseconds
Build info: version: &#039;3.141.59&#039;, revision: &#039;e82be7d358&#039;, time: &#039;2018-11-14T08:25:48&#039;
System info: host: &#039;LOPEZVMOBILE&#039;, ip: &#039;192.168.180.2&#039;, os.name: &#039;Windows 10&#039;, os.arch: &#039;amd64&#039;, os.version: &#039;10.0&#039;, java.version: &#039;1.8.0_211&#039;
Driver info: org.openqa.selenium.chrome.ChromeDriver
Capabilities {acceptInsecureCerts: false, acceptSslCerts: false, applicationCacheEnabled: false, browserConnectionEnabled: false, browserName: chrome, chrome: {chromedriverVersion: 2.40.565498 (ea082db3280dd6..., userDataDir: C:\Users\vlopez\AppData\Loc...}, cssSelectorsEnabled: true, databaseEnabled: false, handlesAlerts: true, hasTouchScreen: false, javascriptEnabled: true, locationContextEnabled: true, mobileEmulationEnabled: false, nativeEvents: true, networkConnectionEnabled: false, pageLoadStrategy: normal, platform: XP, platformName: XP, rotatable: false, setWindowRect: true, takesHeapSnapshot: true, takesScreenshot: true, unexpectedAlertBehaviour: , unhandledPromptBehavior: , version: 75.0.3770.100, webStorageEnabled: true}
Session ID: 0159a299c458e980f0f99067e4869fb3">
      <![CDATA[org.openqa.selenium.WebDriverException: unknown error: Element <input type="button" value="Next" ng-disabled="!purchaseOver1M" ng-class="{disabled : !purchaseOver1M}" ng-click="ok(purchaseOver1M)" class="btn btn-primary disabled" disabled="disabled"> is not clickable at point (1024, 220). Other element would receive the click: <div class="modal-footer ng-scope">...</div>
  (Session info: chrome=75.0.3770.100)
  (Driver info: chromedriver=2.40.565498 (ea082db3280dd6843ebfb08a625e3eb905c4f5ab),platform=Windows NT 10.0.17134 x86_64) (WARNING: The server did not provide any stacktrace information)
Command duration or timeout: 0 milliseconds
Build info: version: '3.141.59', revision: 'e82be7d358', time: '2018-11-14T08:25:48'
System info: host: 'LOPEZVMOBILE', ip: '192.168.180.2', os.name: 'Windows 10', os.arch: 'amd64', os.version: '10.0', java.version: '1.8.0_211'
Driver info: org.openqa.selenium.chrome.ChromeDriver
Capabilities {acceptInsecureCerts: false, acceptSslCerts: false, applicationCacheEnabled: false, browserConnectionEnabled: false, browserName: chrome, chrome: {chromedriverVersion: 2.40.565498 (ea082db3280dd6..., userDataDir: C:\Users\vlopez\AppData\Loc...}, cssSelectorsEnabled: true, databaseEnabled: false, handlesAlerts: true, hasTouchScreen: false, javascriptEnabled: true, locationContextEnabled: true, mobileEmulationEnabled: false, nativeEvents: true, networkConnectionEnabled: false, pageLoadStrategy: normal, platform: XP, platformName: XP, rotatable: false, setWindowRect: true, takesHeapSnapshot: true, takesScreenshot: true, unexpectedAlertBehaviour: , unhandledPromptBehavior: , version: 75.0.3770.100, webStorageEnabled: true}
Session ID: 0159a299c458e980f0f99067e4869fb3
at sun.reflect.NativeConstructorAccessorImpl.newInstance0(Native Method)
at sun.reflect.NativeConstructorAccessorImpl.newInstance(Unknown Source)
at sun.reflect.DelegatingConstructorAccessorImpl.newInstance(Unknown Source)
at java.lang.reflect.Constructor.newInstance(Unknown Source)
at org.openqa.selenium.remote.ErrorHandler.createThrowable(ErrorHandler.java:214)
at org.openqa.selenium.remote.ErrorHandler.throwIfResponseFailed(ErrorHandler.java:166)
at org.openqa.selenium.remote.http.JsonHttpResponseCodec.reconstructValue(JsonHttpResponseCodec.java:40)
at org.openqa.selenium.remote.http.AbstractHttpResponseCodec.decode(AbstractHttpResponseCodec.java:80)
at org.openqa.selenium.remote.http.AbstractHttpResponseCodec.decode(AbstractHttpResponseCodec.java:44)
at org.openqa.selenium.remote.HttpCommandExecutor.execute(HttpCommandExecutor.java:158)
at org.openqa.selenium.remote.service.DriverCommandExecutor.execute(DriverCommandExecutor.java:83)
at org.openqa.selenium.remote.RemoteWebDriver.execute(RemoteWebDriver.java:552)
at org.openqa.selenium.remote.RemoteWebElement.execute(RemoteWebElement.java:285)
at org.openqa.selenium.remote.RemoteWebElement.click(RemoteWebElement.java:84)
at sun.reflect.GeneratedMethodAccessor2.invoke(Unknown Source)
at sun.reflect.DelegatingMethodAccessorImpl.invoke(Unknown Source)
at java.lang.reflect.Method.invoke(Unknown Source)
at org.openqa.selenium.support.pagefactory.internal.LocatingElementHandler.invoke(LocatingElementHandler.java:51)
at com.sun.proxy.$Proxy11.click(Unknown Source)
at Illustrator.Illustration.clickNextContinueAlertOver1m(Illustration.java:135)
at Illustrator.TestScenarios.TS47_IncomeMozaicIILevelAssumed(TestScenarios.java:3083)
at sun.reflect.NativeMethodAccessorImpl.invoke0(Native Method)
at sun.reflect.NativeMethodAccessorImpl.invoke(Unknown Source)
at sun.reflect.DelegatingMethodAccessorImpl.invoke(Unknown Source)
at java.lang.reflect.Method.invoke(Unknown Source)
at org.testng.internal.MethodInvocationHelper.invokeMethod(MethodInvocationHelper.java:124)
at org.testng.internal.Invoker.invokeMethod(Invoker.java:583)
at org.testng.internal.Invoker.invokeTestMethod(Invoker.java:719)
at org.testng.internal.Invoker.invokeTestMethods(Invoker.java:989)
at org.testng.internal.TestMethodWorker.invokeTestMethods(TestMethodWorker.java:125)
at org.testng.internal.TestMethodWorker.run(TestMethodWorker.java:109)
at org.testng.TestRunner.privateRun(TestRunner.java:648)
at org.testng.TestRunner.run(TestRunner.java:505)
at org.testng.SuiteRunner.runTest(SuiteRunner.java:455)
at org.testng.SuiteRunner.runSequentially(SuiteRunner.java:450)
at org.testng.SuiteRunner.privateRun(SuiteRunner.java:415)
at org.testng.SuiteRunner.run(SuiteRunner.java:364)
at org.testng.SuiteRunnerWorker.runSuite(SuiteRunnerWorker.java:52)
at org.testng.SuiteRunnerWorker.run(SuiteRunnerWorker.java:84)
at org.testng.TestNG.runSuitesSequentially(TestNG.java:1208)
at org.testng.TestNG.runSuitesLocally(TestNG.java:1137)
at org.testng.TestNG.runSuites(TestNG.java:1049)
at org.testng.TestNG.run(TestNG.java:1017)
at org.testng.remote.AbstractRemoteTestNG.run(AbstractRemoteTestNG.java:115)
at org.testng.remote.RemoteTestNG.initAndRun(RemoteTestNG.java:251)
at org.testng.remote.RemoteTestNG.main(RemoteTestNG.java:77)
]]>
    </error>
  </testcase> <!-- TS47_IncomeMozaicIILevelAssumed -->
  <testcase name="TS09_IncomeBonusNoNaicStrongest" time="5.104" classname="Illustrator.TestScenarios">
    <error type="org.openqa.selenium.WebDriverException" message="unknown error: Element &lt;input type=&quot;button&quot; value=&quot;Next&quot; ng-disabled=&quot;!purchaseOver1M&quot; ng-class=&quot;{disabled : !purchaseOver1M}&quot; ng-click=&quot;ok(purchaseOver1M)&quot; class=&quot;btn btn-primary disabled&quot; disabled=&quot;disabled&quot;&gt; is not clickable at point (1024, 223). Other element would receive the click: &lt;div class=&quot;modal-footer ng-scope&quot;&gt;...&lt;/div&gt;
  (Session info: chrome=75.0.3770.100)
  (Driver info: chromedriver=2.40.565498 (ea082db3280dd6843ebfb08a625e3eb905c4f5ab),platform=Windows NT 10.0.17134 x86_64) (WARNING: The server did not provide any stacktrace information)
Command duration or timeout: 0 milliseconds
Build info: version: &#039;3.141.59&#039;, revision: &#039;e82be7d358&#039;, time: &#039;2018-11-14T08:25:48&#039;
System info: host: &#039;LOPEZVMOBILE&#039;, ip: &#039;192.168.180.2&#039;, os.name: &#039;Windows 10&#039;, os.arch: &#039;amd64&#039;, os.version: &#039;10.0&#039;, java.version: &#039;1.8.0_211&#039;
Driver info: org.openqa.selenium.chrome.ChromeDriver
Capabilities {acceptInsecureCerts: false, acceptSslCerts: false, applicationCacheEnabled: false, browserConnectionEnabled: false, browserName: chrome, chrome: {chromedriverVersion: 2.40.565498 (ea082db3280dd6..., userDataDir: C:\Users\vlopez\AppData\Loc...}, cssSelectorsEnabled: true, databaseEnabled: false, handlesAlerts: true, hasTouchScreen: false, javascriptEnabled: true, locationContextEnabled: true, mobileEmulationEnabled: false, nativeEvents: true, networkConnectionEnabled: false, pageLoadStrategy: normal, platform: XP, platformName: XP, rotatable: false, setWindowRect: true, takesHeapSnapshot: true, takesScreenshot: true, unexpectedAlertBehaviour: , unhandledPromptBehavior: , version: 75.0.3770.100, webStorageEnabled: true}
Session ID: 0159a299c458e980f0f99067e4869fb3">
      <![CDATA[org.openqa.selenium.WebDriverException: unknown error: Element <input type="button" value="Next" ng-disabled="!purchaseOver1M" ng-class="{disabled : !purchaseOver1M}" ng-click="ok(purchaseOver1M)" class="btn btn-primary disabled" disabled="disabled"> is not clickable at point (1024, 223). Other element would receive the click: <div class="modal-footer ng-scope">...</div>
  (Session info: chrome=75.0.3770.100)
  (Driver info: chromedriver=2.40.565498 (ea082db3280dd6843ebfb08a625e3eb905c4f5ab),platform=Windows NT 10.0.17134 x86_64) (WARNING: The server did not provide any stacktrace information)
Command duration or timeout: 0 milliseconds
Build info: version: '3.141.59', revision: 'e82be7d358', time: '2018-11-14T08:25:48'
System info: host: 'LOPEZVMOBILE', ip: '192.168.180.2', os.name: 'Windows 10', os.arch: 'amd64', os.version: '10.0', java.version: '1.8.0_211'
Driver info: org.openqa.selenium.chrome.ChromeDriver
Capabilities {acceptInsecureCerts: false, acceptSslCerts: false, applicationCacheEnabled: false, browserConnectionEnabled: false, browserName: chrome, chrome: {chromedriverVersion: 2.40.565498 (ea082db3280dd6..., userDataDir: C:\Users\vlopez\AppData\Loc...}, cssSelectorsEnabled: true, databaseEnabled: false, handlesAlerts: true, hasTouchScreen: false, javascriptEnabled: true, locationContextEnabled: true, mobileEmulationEnabled: false, nativeEvents: true, networkConnectionEnabled: false, pageLoadStrategy: normal, platform: XP, platformName: XP, rotatable: false, setWindowRect: true, takesHeapSnapshot: true, takesScreenshot: true, unexpectedAlertBehaviour: , unhandledPromptBehavior: , version: 75.0.3770.100, webStorageEnabled: true}
Session ID: 0159a299c458e980f0f99067e4869fb3
at sun.reflect.NativeConstructorAccessorImpl.newInstance0(Native Method)
at sun.reflect.NativeConstructorAccessorImpl.newInstance(Unknown Source)
at sun.reflect.DelegatingConstructorAccessorImpl.newInstance(Unknown Source)
at java.lang.reflect.Constructor.newInstance(Unknown Source)
at org.openqa.selenium.remote.ErrorHandler.createThrowable(ErrorHandler.java:214)
at org.openqa.selenium.remote.ErrorHandler.throwIfResponseFailed(ErrorHandler.java:166)
at org.openqa.selenium.remote.http.JsonHttpResponseCodec.reconstructValue(JsonHttpResponseCodec.java:40)
at org.openqa.selenium.remote.http.AbstractHttpResponseCodec.decode(AbstractHttpResponseCodec.java:80)
at org.openqa.selenium.remote.http.AbstractHttpResponseCodec.decode(AbstractHttpResponseCodec.java:44)
at org.openqa.selenium.remote.HttpCommandExecutor.execute(HttpCommandExecutor.java:158)
at org.openqa.selenium.remote.service.DriverCommandExecutor.execute(DriverCommandExecutor.java:83)
at org.openqa.selenium.remote.RemoteWebDriver.execute(RemoteWebDriver.java:552)
at org.openqa.selenium.remote.RemoteWebElement.execute(RemoteWebElement.java:285)
at org.openqa.selenium.remote.RemoteWebElement.click(RemoteWebElement.java:84)
at sun.reflect.GeneratedMethodAccessor2.invoke(Unknown Source)
at sun.reflect.DelegatingMethodAccessorImpl.invoke(Unknown Source)
at java.lang.reflect.Method.invoke(Unknown Source)
at org.openqa.selenium.support.pagefactory.internal.LocatingElementHandler.invoke(LocatingElementHandler.java:51)
at com.sun.proxy.$Proxy11.click(Unknown Source)
at Illustrator.Illustration.clickNextContinueAlertOver1m(Illustration.java:135)
at Illustrator.TestScenarios.TS09_IncomeBonusNoNaicStrongest(TestScenarios.java:608)
at sun.reflect.NativeMethodAccessorImpl.invoke0(Native Method)
at sun.reflect.NativeMethodAccessorImpl.invoke(Unknown Source)
at sun.reflect.DelegatingMethodAccessorImpl.invoke(Unknown Source)
at java.lang.reflect.Method.invoke(Unknown Source)
at org.testng.internal.MethodInvocationHelper.invokeMethod(MethodInvocationHelper.java:124)
at org.testng.internal.Invoker.invokeMethod(Invoker.java:583)
at org.testng.internal.Invoker.invokeTestMethod(Invoker.java:719)
at org.testng.internal.Invoker.invokeTestMethods(Invoker.java:989)
at org.testng.internal.TestMethodWorker.invokeTestMethods(TestMethodWorker.java:125)
at org.testng.internal.TestMethodWorker.run(TestMethodWorker.java:109)
at org.testng.TestRunner.privateRun(TestRunner.java:648)
at org.testng.TestRunner.run(TestRunner.java:505)
at org.testng.SuiteRunner.runTest(SuiteRunner.java:455)
at org.testng.SuiteRunner.runSequentially(SuiteRunner.java:450)
at org.testng.SuiteRunner.privateRun(SuiteRunner.java:415)
at org.testng.SuiteRunner.run(SuiteRunner.java:364)
at org.testng.SuiteRunnerWorker.runSuite(SuiteRunnerWorker.java:52)
at org.testng.SuiteRunnerWorker.run(SuiteRunnerWorker.java:84)
at org.testng.TestNG.runSuitesSequentially(TestNG.java:1208)
at org.testng.TestNG.runSuitesLocally(TestNG.java:1137)
at org.testng.TestNG.runSuites(TestNG.java:1049)
at org.testng.TestNG.run(TestNG.java:1017)
at org.testng.remote.AbstractRemoteTestNG.run(AbstractRemoteTestNG.java:115)
at org.testng.remote.RemoteTestNG.initAndRun(RemoteTestNG.java:251)
at org.testng.remote.RemoteTestNG.main(RemoteTestNG.java:77)
]]>
    </error>
  </testcase> <!-- TS09_IncomeBonusNoNaicStrongest -->
  <testcase name="TS01_NoneNoNaicStrongest" time="45.646" classname="Illustrator.TestScenarios"/>
  <testcase name="TS12_IncomeBonusNoNaicLABackcasted" time="44.942" classname="Illustrator.TestScenarios"/>
  <testcase name="TS50_EDBwBMozaicIILevelAssumed" time="42.725" classname="Illustrator.TestScenarios"/>
  <testcase name="TS22_NoneNaicLevelAssumed" time="32.647" classname="Illustrator.TestScenarios"/>
  <testcase name="TS10_IncomeBonusNoNaicLevelAssumed" time="43.594" classname="Illustrator.TestScenarios"/>
  <testcase name="TS05_IncomeNoNaicStrongest" time="43.147" classname="Illustrator.TestScenarios"/>
  <testcase name="TS48_IncomeBonusMozaicIILevelAssumed" time="47.599" classname="Illustrator.TestScenarios"/>
  <testcase name="TS18_EDBwBNoNaicLevelAssumed" time="42.093" classname="Illustrator.TestScenarios"/>
  <testcase name="TS08_IncomeNoNaicLABackcasted" time="40.686" classname="Illustrator.TestScenarios"/>
  <testcase name="TS26_IncomeNaicLevelAssumed" time="43.296" classname="Illustrator.TestScenarios"/>
  <testcase name="TS31_IncomeBonusNaicVariableAssumed" time="45.034" classname="Illustrator.TestScenarios"/>
  <testcase name="TS40_EDBwBNaicLABackcasted" time="42.604" classname="Illustrator.TestScenarios"/>
  <testcase name="TS32_IncomeBonusNaicLABackcasted" time="46.696" classname="Illustrator.TestScenarios"/>
  <testcase name="TS14_EDBNoNaicLevelAssumed" time="48.102" classname="Illustrator.TestScenarios"/>
  <testcase name="TS21_NoneNaicStrongest" time="37.901" classname="Illustrator.TestScenarios"/>
  <testcase name="TS07_IncomeNoNaicVariableAssumed" time="42.349" classname="Illustrator.TestScenarios"/>
  <testcase name="TS17_EDBwBNoNaicStrongest" time="48.679" classname="Illustrator.TestScenarios"/>
  <testcase name="TS37_EDBwBNaicStrongest" time="50.877" classname="Illustrator.TestScenarios"/>
  <testcase name="TS20_EDBwBNoNaicLABackcasted" time="41.415" classname="Illustrator.TestScenarios"/>
  <testcase name="TS03_NoneNoNaicVariableAssumed" time="36.248" classname="Illustrator.TestScenarios"/>
  <testcase name="TS23_NoneNaicVariableAssumed" time="33.274" classname="Illustrator.TestScenarios"/>
  <testcase name="TS25_IncomeNaicStrongest" time="6.164" classname="Illustrator.TestScenarios">
    <error type="org.openqa.selenium.WebDriverException" message="unknown error: Element &lt;input type=&quot;button&quot; value=&quot;Next&quot; ng-disabled=&quot;!purchaseOver1M&quot; ng-class=&quot;{disabled : !purchaseOver1M}&quot; ng-click=&quot;ok(purchaseOver1M)&quot; class=&quot;btn btn-primary disabled&quot; disabled=&quot;disabled&quot;&gt; is not clickable at point (1024, 223). Other element would receive the click: &lt;div class=&quot;modal-footer ng-scope&quot;&gt;...&lt;/div&gt;
  (Session info: chrome=75.0.3770.100)
  (Driver info: chromedriver=2.40.565498 (ea082db3280dd6843ebfb08a625e3eb905c4f5ab),platform=Windows NT 10.0.17134 x86_64) (WARNING: The server did not provide any stacktrace information)
Command duration or timeout: 0 milliseconds
Build info: version: &#039;3.141.59&#039;, revision: &#039;e82be7d358&#039;, time: &#039;2018-11-14T08:25:48&#039;
System info: host: &#039;LOPEZVMOBILE&#039;, ip: &#039;192.168.180.2&#039;, os.name: &#039;Windows 10&#039;, os.arch: &#039;amd64&#039;, os.version: &#039;10.0&#039;, java.version: &#039;1.8.0_211&#039;
Driver info: org.openqa.selenium.chrome.ChromeDriver
Capabilities {acceptInsecureCerts: false, acceptSslCerts: false, applicationCacheEnabled: false, browserConnectionEnabled: false, browserName: chrome, chrome: {chromedriverVersion: 2.40.565498 (ea082db3280dd6..., userDataDir: C:\Users\vlopez\AppData\Loc...}, cssSelectorsEnabled: true, databaseEnabled: false, handlesAlerts: true, hasTouchScreen: false, javascriptEnabled: true, locationContextEnabled: true, mobileEmulationEnabled: false, nativeEvents: true, networkConnectionEnabled: false, pageLoadStrategy: normal, platform: XP, platformName: XP, rotatable: false, setWindowRect: true, takesHeapSnapshot: true, takesScreenshot: true, unexpectedAlertBehaviour: , unhandledPromptBehavior: , version: 75.0.3770.100, webStorageEnabled: true}
Session ID: 0159a299c458e980f0f99067e4869fb3">
      <![CDATA[org.openqa.selenium.WebDriverException: unknown error: Element <input type="button" value="Next" ng-disabled="!purchaseOver1M" ng-class="{disabled : !purchaseOver1M}" ng-click="ok(purchaseOver1M)" class="btn btn-primary disabled" disabled="disabled"> is not clickable at point (1024, 223). Other element would receive the click: <div class="modal-footer ng-scope">...</div>
  (Session info: chrome=75.0.3770.100)
  (Driver info: chromedriver=2.40.565498 (ea082db3280dd6843ebfb08a625e3eb905c4f5ab),platform=Windows NT 10.0.17134 x86_64) (WARNING: The server did not provide any stacktrace information)
Command duration or timeout: 0 milliseconds
Build info: version: '3.141.59', revision: 'e82be7d358', time: '2018-11-14T08:25:48'
System info: host: 'LOPEZVMOBILE', ip: '192.168.180.2', os.name: 'Windows 10', os.arch: 'amd64', os.version: '10.0', java.version: '1.8.0_211'
Driver info: org.openqa.selenium.chrome.ChromeDriver
Capabilities {acceptInsecureCerts: false, acceptSslCerts: false, applicationCacheEnabled: false, browserConnectionEnabled: false, browserName: chrome, chrome: {chromedriverVersion: 2.40.565498 (ea082db3280dd6..., userDataDir: C:\Users\vlopez\AppData\Loc...}, cssSelectorsEnabled: true, databaseEnabled: false, handlesAlerts: true, hasTouchScreen: false, javascriptEnabled: true, locationContextEnabled: true, mobileEmulationEnabled: false, nativeEvents: true, networkConnectionEnabled: false, pageLoadStrategy: normal, platform: XP, platformName: XP, rotatable: false, setWindowRect: true, takesHeapSnapshot: true, takesScreenshot: true, unexpectedAlertBehaviour: , unhandledPromptBehavior: , version: 75.0.3770.100, webStorageEnabled: true}
Session ID: 0159a299c458e980f0f99067e4869fb3
at sun.reflect.NativeConstructorAccessorImpl.newInstance0(Native Method)
at sun.reflect.NativeConstructorAccessorImpl.newInstance(Unknown Source)
at sun.reflect.DelegatingConstructorAccessorImpl.newInstance(Unknown Source)
at java.lang.reflect.Constructor.newInstance(Unknown Source)
at org.openqa.selenium.remote.ErrorHandler.createThrowable(ErrorHandler.java:214)
at org.openqa.selenium.remote.ErrorHandler.throwIfResponseFailed(ErrorHandler.java:166)
at org.openqa.selenium.remote.http.JsonHttpResponseCodec.reconstructValue(JsonHttpResponseCodec.java:40)
at org.openqa.selenium.remote.http.AbstractHttpResponseCodec.decode(AbstractHttpResponseCodec.java:80)
at org.openqa.selenium.remote.http.AbstractHttpResponseCodec.decode(AbstractHttpResponseCodec.java:44)
at org.openqa.selenium.remote.HttpCommandExecutor.execute(HttpCommandExecutor.java:158)
at org.openqa.selenium.remote.service.DriverCommandExecutor.execute(DriverCommandExecutor.java:83)
at org.openqa.selenium.remote.RemoteWebDriver.execute(RemoteWebDriver.java:552)
at org.openqa.selenium.remote.RemoteWebElement.execute(RemoteWebElement.java:285)
at org.openqa.selenium.remote.RemoteWebElement.click(RemoteWebElement.java:84)
at sun.reflect.GeneratedMethodAccessor2.invoke(Unknown Source)
at sun.reflect.DelegatingMethodAccessorImpl.invoke(Unknown Source)
at java.lang.reflect.Method.invoke(Unknown Source)
at org.openqa.selenium.support.pagefactory.internal.LocatingElementHandler.invoke(LocatingElementHandler.java:51)
at com.sun.proxy.$Proxy11.click(Unknown Source)
at Illustrator.Illustration.clickNextContinueAlertOver1m(Illustration.java:135)
at Illustrator.TestScenarios.TS25_IncomeNaicStrongest(TestScenarios.java:1626)
at sun.reflect.NativeMethodAccessorImpl.invoke0(Native Method)
at sun.reflect.NativeMethodAccessorImpl.invoke(Unknown Source)
at sun.reflect.DelegatingMethodAccessorImpl.invoke(Unknown Source)
at java.lang.reflect.Method.invoke(Unknown Source)
at org.testng.internal.MethodInvocationHelper.invokeMethod(MethodInvocationHelper.java:124)
at org.testng.internal.Invoker.invokeMethod(Invoker.java:583)
at org.testng.internal.Invoker.invokeTestMethod(Invoker.java:719)
at org.testng.internal.Invoker.invokeTestMethods(Invoker.java:989)
at org.testng.internal.TestMethodWorker.invokeTestMethods(TestMethodWorker.java:125)
at org.testng.internal.TestMethodWorker.run(TestMethodWorker.java:109)
at org.testng.TestRunner.privateRun(TestRunner.java:648)
at org.testng.TestRunner.run(TestRunner.java:505)
at org.testng.SuiteRunner.runTest(SuiteRunner.java:455)
at org.testng.SuiteRunner.runSequentially(SuiteRunner.java:450)
at org.testng.SuiteRunner.privateRun(SuiteRunner.java:415)
at org.testng.SuiteRunner.run(SuiteRunner.java:364)
at org.testng.SuiteRunnerWorker.runSuite(SuiteRunnerWorker.java:52)
at org.testng.SuiteRunnerWorker.run(SuiteRunnerWorker.java:84)
at org.testng.TestNG.runSuitesSequentially(TestNG.java:1208)
at org.testng.TestNG.runSuitesLocally(TestNG.java:1137)
at org.testng.TestNG.runSuites(TestNG.java:1049)
at org.testng.TestNG.run(TestNG.java:1017)
at org.testng.remote.AbstractRemoteTestNG.run(AbstractRemoteTestNG.java:115)
at org.testng.remote.RemoteTestNG.initAndRun(RemoteTestNG.java:251)
at org.testng.remote.RemoteTestNG.main(RemoteTestNG.java:77)
]]>
    </error>
  </testcase> <!-- TS25_IncomeNaicStrongest -->
  <testcase name="TS46_NoneMozaicIILevelAssumed" time="40.844" classname="Illustrator.TestScenarios"/>
  <testcase name="TS27_IncomeNaicVariableAssumed" time="41.452" classname="Illustrator.TestScenarios"/>
  <testcase name="TS38_EDBwBNaicLevelAssumed" time="43.251" classname="Illustrator.TestScenarios"/>
  <testcase name="TS02_NoneNoNaicLevelAssumed" time="35.065" classname="Illustrator.TestScenarios"/>
  <testcase name="TS28_IncomeNaicLABackcasted" time="41.860" classname="Illustrator.TestScenarios"/>
  <testcase name="TS19_EDBwBNoNaicVariableAssumed" time="41.172" classname="Illustrator.TestScenarios"/>
  <testcase name="TS29_IncomeBonusNaicStrongest" time="40.771" classname="Illustrator.TestScenarios"/>
  <testcase name="TS24_NoneNaicLABackcasted" time="34.745" classname="Illustrator.TestScenarios"/>
  <testcase name="TS49_EDBMozaicIILevelAssumed" time="50.800" classname="Illustrator.TestScenarios"/>
  <testcase name="TS04_NoneNoNaicLABackcasted" time="31.995" classname="Illustrator.TestScenarios"/>
</testsuite> <!-- Illustrator.TestScenarios -->
